{"当前操作用户":"","日志记录时间":"2018-31-03 09:09:10","目标类":"com.aop.log4j.controller.AuthorityController@d16379","目标方法":"showMsg","请求参数":[{"map":{"earth":"earth","pluto":"pluto"},"user":{"userId":1,"userName":"test","userPwd":"test123"},"msg":"SuperMan","strings":["123","wangsm"],"ints":[123,231,345,45]}],"请求路径":"/authority/showMsg"}
{"当前操作用户":"","日志记录时间":"2018-31-03 09:09:10","目标类":"com.aop.log4j.user.service.imp.UserServiceImp@1a0f8d9","目标方法":"showMsg","请求参数":[{"userId":0,"userName":"test","userPwd":"test123"},"SuperMan",{"earth":"earth","pluto":"pluto"},["123","wangsm"],[123,231,345,45]],"请求路径":"/authority/showMsg"}
>>>>>>>>>>>>>>>>>访问showMsg方法的权限;组-admin，单个权限-showMsg，标志-and校验开始>>>>>>>>>>
>>>>>>>>>>>>>>>.test没有访问showMsg方法的权限>>>>>>>>>>>>>>>>>>
{"当前操作用户":"","日志记录时间":"2018-31-03 09:09:26","目标类":"com.aop.log4j.controller.AuthorityController@d16379","目标方法":"showMsg","请求参数":[{"map":{"earth":"earth","pluto":"pluto"},"user":{"userId":1,"userName":"test","userPwd":"test123"},"msg":"SuperMan","strings":["123","wangsm"],"ints":[123,231,345,45]}],"请求路径":"/authority/showMsg"}
{"当前操作用户":"","日志记录时间":"2018-31-03 09:09:26","目标类":"com.aop.log4j.user.service.imp.UserServiceImp@1a0f8d9","目标方法":"showMsg","请求参数":[{"userId":0,"userName":"test","userPwd":"test123"},"SuperMan",{"earth":"earth","pluto":"pluto"},["123","wangsm"],[123,231,345,45]],"请求路径":"/authority/showMsg"}
>>>>>>>>>>>>>>>>>访问showMsg方法的权限;组-admin，单个权限-showMsg，标志-and校验开始>>>>>>>>>>
>>>>>>>>>>>>>>>.test没有访问showMsg方法的权限>>>>>>>>>>>>>>>>>>
{"当前操作用户":"","日志记录时间":"2018-39-03 09:09:23","目标类":"com.aop.log4j.controller.AuthorityController@1e62a3f","目标方法":"showMsg","请求参数":[{"map":{"earth":"earth","pluto":"pluto"},"user":{"userId":1,"userName":"test","userPwd":"test123"},"msg":"SuperMan","strings":["123","wangsm"],"ints":[123,231,345,45]}],"请求路径":"/authority/showMsg"}
{"当前操作用户":"","日志记录时间":"2018-39-03 09:09:23","目标类":"com.aop.log4j.user.service.imp.UserServiceImp@1fc23b3","目标方法":"showMsg","请求参数":[{"userId":0,"userName":"test","userPwd":"test123"},"SuperMan",{"earth":"earth","pluto":"pluto"},["123","wangsm"],[123,231,345,45]],"请求路径":"/authority/showMsg"}
>>>>>>>>>>>>>>>>>访问showMsg方法的权限;组-admin，单个权限-showMsg，标志-and校验开始>>>>>>>>>>
{"当前操作用户":"","日志记录时间":"2018-40-03 09:09:44","目标类":"com.aop.log4j.controller.AuthorityController@f15d68","目标方法":"showMsg","请求参数":[{"map":{"earth":"earth","pluto":"pluto"},"user":{"userId":1,"userName":"test","userPwd":"test123"},"msg":"SuperMan","strings":["123","wangsm"],"ints":[123,231,345,45]}],"请求路径":"/authority/showMsg"}
{"当前操作用户":"","日志记录时间":"2018-40-03 09:09:44","目标类":"com.aop.log4j.user.service.imp.UserServiceImp@1cfc13","目标方法":"showMsg","请求参数":[{"userId":0,"userName":"test","userPwd":"test123"},"SuperMan",{"earth":"earth","pluto":"pluto"},["123","wangsm"],[123,231,345,45]],"请求路径":"/authority/showMsg"}
>>>>>>>>>>>>>>>>>访问showMsg方法的权限;组-admin，单个权限-showMsg，标志-and校验开始>>>>>>>>>>
{"当前操作用户":"","日志记录时间":"2018-40-03 09:09:46","目标类":"com.aop.log4j.controller.AuthorityController@f15d68","目标方法":"showMsg","请求参数":[{"map":{"earth":"earth","pluto":"pluto"},"user":{"userId":1,"userName":"test","userPwd":"test123"},"msg":"SuperMan","strings":["123","wangsm"],"ints":[123,231,345,45]}],"请求路径":"/authority/showMsg"}
{"当前操作用户":"","日志记录时间":"2018-40-03 09:09:46","目标类":"com.aop.log4j.user.service.imp.UserServiceImp@1cfc13","目标方法":"showMsg","请求参数":[{"userId":0,"userName":"test","userPwd":"test123"},"SuperMan",{"earth":"earth","pluto":"pluto"},["123","wangsm"],[123,231,345,45]],"请求路径":"/authority/showMsg"}
>>>>>>>>>>>>>>>>>访问showMsg方法的权限;组-admin，单个权限-showMsg，标志-and校验开始>>>>>>>>>>
{"当前操作用户":"","日志记录时间":"2018-43-03 09:09:08","目标类":"com.aop.log4j.controller.AuthorityController@1a9207e","目标方法":"showMsg","请求参数":[{"map":{"earth":"earth","pluto":"pluto"},"user":{"userId":1,"userName":"test","userPwd":"test123"},"msg":"SuperMan","strings":["123","wangsm"],"ints":[123,231,345,45]}],"请求路径":"/authority/showMsg"}
{"当前操作用户":"","日志记录时间":"2018-43-03 09:09:08","目标类":"com.aop.log4j.user.service.imp.UserServiceImp@fb37f1","目标方法":"showMsg","请求参数":[{"userId":0,"userName":"test","userPwd":"test123"},"SuperMan",{"earth":"earth","pluto":"pluto"},["123","wangsm"],[123,231,345,45]],"请求路径":"/authority/showMsg"}
>>>>>>>>>>>>>>>>>访问showMsg方法的权限;组-admin，单个权限-showMsg，标志-and校验开始>>>>>>>>>>
{"当前操作用户":"","日志记录时间":"2018-44-03 09:09:29","目标类":"com.aop.log4j.controller.AuthorityController@1a9207e","目标方法":"showMsg","请求参数":[{"map":{"earth":"earth","pluto":"pluto"},"user":{"userId":1,"userName":"test","userPwd":"test123"},"msg":"SuperMan","strings":["123","wangsm"],"ints":[123,231,345,45]}],"请求路径":"/authority/showMsg"}
{"当前操作用户":"","日志记录时间":"2018-44-03 09:09:29","目标类":"com.aop.log4j.user.service.imp.UserServiceImp@fb37f1","目标方法":"showMsg","请求参数":[{"userId":0,"userName":"test","userPwd":"test123"},"SuperMan",{"earth":"earth","pluto":"pluto"},["123","wangsm"],[123,231,345,45]],"请求路径":"/authority/showMsg"}
>>>>>>>>>>>>>>>>>访问showMsg方法的权限;组-admin，单个权限-showMsg，标志-and校验开始>>>>>>>>>>
{"当前操作用户":"","日志记录时间":"2018-49-03 09:09:14","目标类":"com.aop.log4j.controller.AuthorityController@156d160","目标方法":"showMsg","请求参数":[{"map":{"earth":"earth","pluto":"pluto"},"user":{"userId":1,"userName":"test","userPwd":"test123"},"msg":"SuperMan","strings":["123","wangsm"],"ints":[123,231,345,45]}],"请求路径":"/authority/showMsg"}
{"当前操作用户":"","日志记录时间":"2018-49-03 09:09:14","目标类":"com.aop.log4j.user.service.imp.UserServiceImp@169172b","目标方法":"showMsg","请求参数":[{"userId":0,"userName":"test","userPwd":"test123"},"SuperMan",{"earth":"earth","pluto":"pluto"},["123","wangsm"],[123,231,345,45]],"请求路径":"/authority/showMsg"}
>>>>>>>>>>>>>>>>>访问showMsg方法的权限;组-admin，单个权限-showMsg，标志-and校验开始>>>>>>>>>>
{"当前操作用户":"","日志记录时间":"2018-49-03 09:09:17","目标类":"com.aop.log4j.controller.AuthorityController@156d160","目标方法":"showMsg","请求参数":[{"map":{"earth":"earth","pluto":"pluto"},"user":{"userId":1,"userName":"test","userPwd":"test123"},"msg":"SuperMan","strings":["123","wangsm"],"ints":[123,231,345,45]}],"请求路径":"/authority/showMsg"}
{"当前操作用户":"","日志记录时间":"2018-49-03 09:09:17","目标类":"com.aop.log4j.user.service.imp.UserServiceImp@169172b","目标方法":"showMsg","请求参数":[{"userId":0,"userName":"test","userPwd":"test123"},"SuperMan",{"earth":"earth","pluto":"pluto"},["123","wangsm"],[123,231,345,45]],"请求路径":"/authority/showMsg"}
>>>>>>>>>>>>>>>>>访问showMsg方法的权限;组-admin，单个权限-showMsg，标志-and校验开始>>>>>>>>>>
{"当前操作用户":"","日志记录时间":"2018-49-03 09:09:26","目标类":"com.aop.log4j.controller.AuthorityController@156d160","目标方法":"showMsg","请求参数":[{"map":{"earth":"earth","pluto":"pluto"},"user":{"userId":1,"userName":"test","userPwd":"test123"},"msg":"SuperMan","strings":["123","wangsm"],"ints":[123,231,345,45]}],"请求路径":"/authority/showMsg"}
{"当前操作用户":"","日志记录时间":"2018-49-03 09:09:26","目标类":"com.aop.log4j.user.service.imp.UserServiceImp@169172b","目标方法":"showMsg","请求参数":[{"userId":0,"userName":"test","userPwd":"test123"},"SuperMan",{"earth":"earth","pluto":"pluto"},["123","wangsm"],[123,231,345,45]],"请求路径":"/authority/showMsg"}
>>>>>>>>>>>>>>>>>访问showMsg方法的权限;组-admin，单个权限-showMsg，标志-and校验开始>>>>>>>>>>
{"当前操作用户":"","日志记录时间":"2018-53-03 09:09:04","目标类":"com.aop.log4j.controller.AuthorityController@2a2e62","目标方法":"showMsg","请求参数":[{"map":{"earth":"earth","pluto":"pluto"},"user":{"userId":1,"userName":"test","userPwd":"test123"},"msg":"SuperMan","strings":["123","wangsm"],"ints":[123,231,345,45]}],"请求路径":"/authority/showMsg"}
>>>>>>>>>>>>>>>>>访问showMsg方法的权限;组-user，单个权限-all，标志-or校验开始>>>>>>>>>>
{"当前操作用户":"","日志记录时间":"2018-53-03 09:09:07","目标类":"com.aop.log4j.user.service.imp.UserServiceImp@1ca6d4b","目标方法":"showMsg","请求参数":[{"userId":0,"userName":"test","userPwd":"test123"},"SuperMan",{"earth":"earth","pluto":"pluto"},["123","wangsm"],[123,231,345,45]],"请求路径":"/authority/showMsg"}
>>>>>>>>>>>>>>>>>访问showMsg方法的权限;组-admin，单个权限-showMsg，标志-and校验开始>>>>>>>>>>
{"当前操作用户":"","日志记录时间":"2018-54-03 09:09:19","目标类":"com.aop.log4j.controller.AuthorityController@112a92a","目标方法":"showMsg","请求参数":[{"map":{"earth":"earth","pluto":"pluto"},"user":{"userId":1,"userName":"test","userPwd":"test123"},"msg":"SuperMan","strings":["123","wangsm"],"ints":[123,231,345,45]}],"请求路径":"/authority/showMsg"}
>>>>>>>>>>>>>>>>>访问showMsg方法的权限;组-admin，单个权限-showMsg，标志-and校验开始>>>>>>>>>>
{"当前操作用户":"","日志记录时间":"2018-54-03 09:09:21","目标类":"com.aop.log4j.user.service.imp.UserServiceImp@fdb771","目标方法":"showMsg","请求参数":[{"userId":0,"userName":"test","userPwd":"test123"},"SuperMan",{"earth":"earth","pluto":"pluto"},["123","wangsm"],[123,231,345,45]],"请求路径":"/authority/showMsg"}
{"当前操作用户":"","日志记录时间":"2018-54-03 09:09:51","目标类":"com.aop.log4j.controller.AuthorityController@112a92a","目标方法":"showMsg","请求参数":[{"map":{"earth":"earth","pluto":"pluto"},"user":{"userId":1,"userName":"test","userPwd":"test123"},"msg":"SuperMan","strings":["123","wangsm"],"ints":[123,231,345,45]}],"请求路径":"/authority/showMsg"}
>>>>>>>>>>>>>>>>>访问showMsg方法的权限;组-admin，单个权限-showMsg，标志-and校验开始>>>>>>>>>>
{"当前操作用户":"","日志记录时间":"2018-54-03 09:09:58","目标类":"com.aop.log4j.user.service.imp.UserServiceImp@fdb771","目标方法":"showMsg","请求参数":[{"userId":0,"userName":"test","userPwd":"test123"},"SuperMan",{"earth":"earth","pluto":"pluto"},["123","wangsm"],[123,231,345,45]],"请求路径":"/authority/showMsg"}
{"当前操作用户":"","日志记录时间":"2018-55-03 09:09:01","目标类":"com.aop.log4j.controller.AuthorityController@112a92a","目标方法":"showMsg","请求参数":[{"map":{"earth":"earth","pluto":"pluto"},"user":{"userId":1,"userName":"test","userPwd":"test123"},"msg":"SuperMan","strings":["123","wangsm"],"ints":[123,231,345,45]}],"请求路径":"/authority/showMsg"}
>>>>>>>>>>>>>>>>>访问showMsg方法的权限;组-admin，单个权限-showMsg，标志-and校验开始>>>>>>>>>>
{"当前操作用户":"","日志记录时间":"2018-55-03 09:09:01","目标类":"com.aop.log4j.user.service.imp.UserServiceImp@fdb771","目标方法":"showMsg","请求参数":[{"userId":0,"userName":"test","userPwd":"test123"},"SuperMan",{"earth":"earth","pluto":"pluto"},["123","wangsm"],[123,231,345,45]],"请求路径":"/authority/showMsg"}
{"当前操作用户":"","日志记录时间":"2018-56-03 09:09:00","目标类":"com.aop.log4j.controller.AuthorityController@112a92a","目标方法":"showMsg","请求参数":[{"map":{"earth":"earth","pluto":"pluto"},"user":{"userId":1,"userName":"test","userPwd":"test123"},"msg":"SuperMan","strings":["123","wangsm"],"ints":[123,231,345,45]}],"请求路径":"/authority/showMsg"}
>>>>>>>>>>>>>>>>>访问showMsg方法的权限;组-admin，单个权限-showMsg，标志-and校验开始>>>>>>>>>>
{"当前操作用户":"","日志记录时间":"2018-56-03 09:09:03","目标类":"com.aop.log4j.user.service.imp.UserServiceImp@fdb771","目标方法":"showMsg","请求参数":[{"userId":0,"userName":"test","userPwd":"test123"},"SuperMan",{"earth":"earth","pluto":"pluto"},["123","wangsm"],[123,231,345,45]],"请求路径":"/authority/showMsg"}
{"当前操作用户":"","日志记录时间":"2018-56-03 09:09:33","目标类":"com.aop.log4j.controller.AuthorityController@112a92a","目标方法":"showMsg","请求参数":[{"map":{"earth":"earth","pluto":"pluto"},"user":{"userId":1,"userName":"test","userPwd":"test123"},"msg":"SuperMan","strings":["123","wangsm"],"ints":[123,231,345,45]}],"请求路径":"/authority/showMsg"}
>>>>>>>>>>>>>>>>>访问showMsg方法的权限;组-admin，单个权限-showMsg，标志-and校验开始>>>>>>>>>>
{"当前操作用户":"","日志记录时间":"2018-56-03 09:09:45","目标类":"com.aop.log4j.user.service.imp.UserServiceImp@fdb771","目标方法":"showMsg","请求参数":[{"userId":0,"userName":"test","userPwd":"test123"},"SuperMan",{"earth":"earth","pluto":"pluto"},["123","wangsm"],[123,231,345,45]],"请求路径":"/authority/showMsg"}
{"当前操作用户":"","日志记录时间":"2018-01-03 10:09:15","目标类":"com.aop.log4j.controller.AuthorityController@112a92a","目标方法":"showMsg","请求参数":[{"map":{"earth":"earth","pluto":"pluto"},"user":{"userId":1,"userName":"test","userPwd":"test123"},"msg":"SuperMan","strings":["123","wangsm"],"ints":[123,231,345,45]}],"请求路径":"/authority/showMsg"}
>>>>>>>>>>>>>>>>>访问showMsg方法的权限;组-admin，单个权限-showMsg，标志-and校验开始>>>>>>>>>>
{"当前操作用户":"","日志记录时间":"2018-01-03 10:09:20","目标类":"com.aop.log4j.user.service.imp.UserServiceImp@fdb771","目标方法":"showMsg","请求参数":[{"userId":0,"userName":"test","userPwd":"test123"},"SuperMan",{"earth":"earth","pluto":"pluto"},["123","wangsm"],[123,231,345,45]],"请求路径":"/authority/showMsg"}
{"当前操作用户":"","日志记录时间":"2018-26-03 10:09:28","目标类":"com.aop.log4j.controller.AuthorityController@11219de","目标方法":"showMsg","请求参数":[{"map":{"earth":"earth","pluto":"pluto"},"user":{"userId":1,"userName":"test","userPwd":"test123"},"msg":"SuperMan","strings":["123","wangsm"],"ints":[123,231,345,45]}],"请求路径":"/authority/showMsg"}
>>>>>>>>>>>>>>>>>访问showMsg方法的权限;组-admin，单个权限-showMsg，标志-and校验开始>>>>>>>>>>
{"当前操作用户":"","日志记录时间":"2018-26-03 10:09:31","目标类":"com.aop.log4j.user.service.imp.UserServiceImp@17205ea","目标方法":"showMsg","请求参数":[{"userId":0,"userName":"test","userPwd":"test123"},"SuperMan",{"earth":"earth","pluto":"pluto"},["123","wangsm"],[123,231,345,45]],"请求路径":"/authority/showMsg"}
{"当前操作用户":"","日志记录时间":"2018-27-03 10:09:20","目标类":"com.aop.log4j.controller.AuthorityController@1700b01","目标方法":"showMsg","请求参数":[{"map":{"earth":"earth","pluto":"pluto"},"user":{"userId":1,"userName":"test","userPwd":"test123"},"msg":"SuperMan","strings":["123","wangsm"],"ints":[123,231,345,45]}],"请求路径":"/authority/showMsg"}
>>>>>>>>>>>>>>>>>访问showMsg方法的权限;组-admin，单个权限-showMsg，标志-and校验开始>>>>>>>>>>
{"当前操作用户":"","日志记录时间":"2018-27-03 10:09:28","目标类":"com.aop.log4j.user.service.imp.UserServiceImp@3d8d52","目标方法":"showMsg","请求参数":[{"userId":0,"userName":"test","userPwd":"test123"},"SuperMan",{"earth":"earth","pluto":"pluto"},["123","wangsm"],[123,231,345,45]],"请求路径":"/authority/showMsg"}
{"当前操作用户":"","日志记录时间":"2018-27-03 10:09:31","目标类":"com.aop.log4j.controller.AuthorityController@1700b01","目标方法":"showMsg","请求参数":[{"map":{"earth":"earth","pluto":"pluto"},"user":{"userId":1,"userName":"test","userPwd":"test123"},"msg":"SuperMan","strings":["123","wangsm"],"ints":[123,231,345,45]}],"请求路径":"/authority/showMsg"}
>>>>>>>>>>>>>>>>>访问showMsg方法的权限;组-admin，单个权限-showMsg，标志-and校验开始>>>>>>>>>>
{"当前操作用户":"","日志记录时间":"2018-27-03 10:09:31","目标类":"com.aop.log4j.user.service.imp.UserServiceImp@3d8d52","目标方法":"showMsg","请求参数":[{"userId":0,"userName":"test","userPwd":"test123"},"SuperMan",{"earth":"earth","pluto":"pluto"},["123","wangsm"],[123,231,345,45]],"请求路径":"/authority/showMsg"}
{"当前操作用户":"","日志记录时间":"2018-27-03 10:09:33","目标类":"com.aop.log4j.controller.AuthorityController@1700b01","目标方法":"showMsg","请求参数":[{"map":{"earth":"earth","pluto":"pluto"},"user":{"userId":1,"userName":"test","userPwd":"test123"},"msg":"SuperMan","strings":["123","wangsm"],"ints":[123,231,345,45]}],"请求路径":"/authority/showMsg"}
>>>>>>>>>>>>>>>>>访问showMsg方法的权限;组-admin，单个权限-showMsg，标志-and校验开始>>>>>>>>>>
{"当前操作用户":"","日志记录时间":"2018-27-03 10:09:33","目标类":"com.aop.log4j.user.service.imp.UserServiceImp@3d8d52","目标方法":"showMsg","请求参数":[{"userId":0,"userName":"test","userPwd":"test123"},"SuperMan",{"earth":"earth","pluto":"pluto"},["123","wangsm"],[123,231,345,45]],"请求路径":"/authority/showMsg"}
{"当前操作用户":"","日志记录时间":"2018-28-03 10:09:16","目标类":"com.aop.log4j.controller.AuthorityController@10569cf","目标方法":"showMsg","请求参数":[{"map":{"earth":"earth","pluto":"pluto"},"user":{"userId":1,"userName":"test","userPwd":"test123"},"msg":"SuperMan","strings":["123","wangsm"],"ints":[123,231,345,45]}],"请求路径":"/authority/showMsg"}
>>>>>>>>>>>>>>>>>访问showMsg方法的权限;组-admin，单个权限-showMsg，标志-and校验开始>>>>>>>>>>
{"当前操作用户":"","日志记录时间":"2018-28-03 10:09:16","目标类":"com.aop.log4j.user.service.imp.UserServiceImp@29f72a","目标方法":"showMsg","请求参数":[{"userId":0,"userName":"test","userPwd":"test123"},"SuperMan",{"earth":"earth","pluto":"pluto"},["123","wangsm"],[123,231,345,45]],"请求路径":"/authority/showMsg"}
{"当前操作用户":"","日志记录时间":"2018-28-03 10:09:18","目标类":"com.aop.log4j.controller.AuthorityController@10569cf","目标方法":"showMsg","请求参数":[{"map":{"earth":"earth","pluto":"pluto"},"user":{"userId":1,"userName":"test","userPwd":"test123"},"msg":"SuperMan","strings":["123","wangsm"],"ints":[123,231,345,45]}],"请求路径":"/authority/showMsg"}
>>>>>>>>>>>>>>>>>访问showMsg方法的权限;组-admin，单个权限-showMsg，标志-and校验开始>>>>>>>>>>
{"当前操作用户":"","日志记录时间":"2018-28-03 10:09:18","目标类":"com.aop.log4j.user.service.imp.UserServiceImp@29f72a","目标方法":"showMsg","请求参数":[{"userId":0,"userName":"test","userPwd":"test123"},"SuperMan",{"earth":"earth","pluto":"pluto"},["123","wangsm"],[123,231,345,45]],"请求路径":"/authority/showMsg"}
{"当前操作用户":"","日志记录时间":"2018-28-03 10:09:45","目标类":"com.aop.log4j.controller.AuthorityController@c761c","目标方法":"showMsg","请求参数":[{"map":{"earth":"earth","pluto":"pluto"},"user":{"userId":1,"userName":"test","userPwd":"test123"},"msg":"SuperMan","strings":["123","wangsm"],"ints":[123,231,345,45]}],"请求路径":"/authority/showMsg"}
>>>>>>>>>>>>>>>>>访问showMsg方法的权限;组-admin，单个权限-showMsg，标志-and校验开始>>>>>>>>>>
{"当前操作用户":"","日志记录时间":"2018-28-03 10:09:45","目标类":"com.aop.log4j.user.service.imp.UserServiceImp@1692a5","目标方法":"showMsg","请求参数":[{"userId":0,"userName":"test","userPwd":"test123"},"SuperMan",{"earth":"earth","pluto":"pluto"},["123","wangsm"],[123,231,345,45]],"请求路径":"/authority/showMsg"}
{"当前操作用户":"","日志记录时间":"2018-29-03 10:09:05","目标类":"com.aop.log4j.controller.AuthorityController@14fa42","目标方法":"showMsg","请求参数":[{"map":{"earth":"earth","pluto":"pluto"},"user":{"userId":1,"userName":"test","userPwd":"test123"},"msg":"SuperMan","strings":["123","wangsm"],"ints":[123,231,345,45]}],"请求路径":"/authority/showMsg"}
>>>>>>>>>>>>>>>>>访问showMsg方法的权限;组-admin，单个权限-showMsg，标志-and校验开始>>>>>>>>>>
{"当前操作用户":"","日志记录时间":"2018-29-03 10:09:05","目标类":"com.aop.log4j.user.service.imp.UserServiceImp@85152b","目标方法":"showMsg","请求参数":[{"userId":0,"userName":"test","userPwd":"test123"},"SuperMan",{"earth":"earth","pluto":"pluto"},["123","wangsm"],[123,231,345,45]],"请求路径":"/authority/showMsg"}
{"当前操作用户":"","日志记录时间":"2018-29-03 10:09:07","目标类":"com.aop.log4j.controller.AuthorityController@14fa42","目标方法":"showMsg","请求参数":[{"map":{"earth":"earth","pluto":"pluto"},"user":{"userId":1,"userName":"test","userPwd":"test123"},"msg":"SuperMan","strings":["123","wangsm"],"ints":[123,231,345,45]}],"请求路径":"/authority/showMsg"}
>>>>>>>>>>>>>>>>>访问showMsg方法的权限;组-admin，单个权限-showMsg，标志-and校验开始>>>>>>>>>>
{"当前操作用户":"","日志记录时间":"2018-29-03 10:09:07","目标类":"com.aop.log4j.user.service.imp.UserServiceImp@85152b","目标方法":"showMsg","请求参数":[{"userId":0,"userName":"test","userPwd":"test123"},"SuperMan",{"earth":"earth","pluto":"pluto"},["123","wangsm"],[123,231,345,45]],"请求路径":"/authority/showMsg"}
{"当前操作用户":"","日志记录时间":"2018-29-03 10:09:08","目标类":"com.aop.log4j.controller.AuthorityController@14fa42","目标方法":"showMsg","请求参数":[{"map":{"earth":"earth","pluto":"pluto"},"user":{"userId":1,"userName":"test","userPwd":"test123"},"msg":"SuperMan","strings":["123","wangsm"],"ints":[123,231,345,45]}],"请求路径":"/authority/showMsg"}
>>>>>>>>>>>>>>>>>访问showMsg方法的权限;组-admin，单个权限-showMsg，标志-and校验开始>>>>>>>>>>
{"当前操作用户":"","日志记录时间":"2018-29-03 10:09:08","目标类":"com.aop.log4j.user.service.imp.UserServiceImp@85152b","目标方法":"showMsg","请求参数":[{"userId":0,"userName":"test","userPwd":"test123"},"SuperMan",{"earth":"earth","pluto":"pluto"},["123","wangsm"],[123,231,345,45]],"请求路径":"/authority/showMsg"}
{"当前操作用户":"","日志记录时间":"2018-37-03 10:09:48","目标类":"com.aop.log4j.controller.AuthorityController@14fa42","目标方法":"showMsg","请求参数":[{"map":{"earth":"earth","pluto":"pluto"},"user":{"userId":1,"userName":"test","userPwd":"test123"},"msg":"SuperMan","strings":["123","wangsm"],"ints":[123,231,345,45]}],"请求路径":"/authority/showMsg"}
>>>>>>>>>>>>>>>>>访问showMsg方法的权限;组-admin，单个权限-showMsg，标志-and校验开始>>>>>>>>>>
{"当前操作用户":"","日志记录时间":"2018-37-03 10:09:48","目标类":"com.aop.log4j.user.service.imp.UserServiceImp@85152b","目标方法":"showMsg","请求参数":[{"userId":0,"userName":"test","userPwd":"test123"},"SuperMan",{"earth":"earth","pluto":"pluto"},["123","wangsm"],[123,231,345,45]],"请求路径":"/authority/showMsg"}
{"当前操作用户":"","日志记录时间":"2018-38-03 10:09:40","目标类":"com.aop.log4j.controller.AuthorityController@14fa42","目标方法":"showMsg","请求参数":[{"map":{"earth":"earth","pluto":"pluto"},"user":{"userId":1,"userName":"test","userPwd":"test123"},"msg":"SuperMan","strings":["123","wangsm"],"ints":[123,231,345,45]}],"请求路径":"/authority/showMsg"}
>>>>>>>>>>>>>>>>>访问showMsg方法的权限;组-admin，单个权限-showMsg，标志-and校验开始>>>>>>>>>>
{"当前操作用户":"","日志记录时间":"2018-38-03 10:09:40","目标类":"com.aop.log4j.user.service.imp.UserServiceImp@85152b","目标方法":"showMsg","请求参数":[{"userId":0,"userName":"test","userPwd":"test123"},"SuperMan",{"earth":"earth","pluto":"pluto"},["123","wangsm"],[123,231,345,45]],"请求路径":"/authority/showMsg"}
{"当前操作用户":"","日志记录时间":"2018-39-03 10:09:34","目标类":"com.aop.log4j.controller.AuthorityController@105daff","目标方法":"showMsg","请求参数":[{"map":{"earth":"earth","pluto":"pluto"},"user":{"userId":1,"userName":"test","userPwd":"test123"},"msg":"SuperMan","strings":["123","wangsm"],"ints":[123,231,345,45]}],"请求路径":"/authority/showMsg"}
>>>>>>>>>>>>>>>>>访问showMsg方法的权限;组-admin，单个权限-showMsg，标志-and校验开始>>>>>>>>>>
{"当前操作用户":"","日志记录时间":"2018-39-03 10:09:34","目标类":"com.aop.log4j.user.service.imp.UserServiceImp@df0604","目标方法":"showMsg","请求参数":[{"userId":0,"userName":"test","userPwd":"test123"},"SuperMan",{"earth":"earth","pluto":"pluto"},["123","wangsm"],[123,231,345,45]],"请求路径":"/authority/showMsg"}
{"当前操作用户":"","日志记录时间":"2018-46-03 10:09:17","目标类":"com.aop.log4j.controller.AuthorityController@18a75de","目标方法":"showMsg","请求参数":[{"map":{"earth":"earth","pluto":"pluto"},"user":{"userId":1,"userName":"test","userPwd":"test123"},"msg":"SuperMan","strings":["123","wangsm"],"ints":[123,231,345,45]}],"请求路径":"/authority/showMsg"}
>>>>>>>>>>>>>>>>>访问showMsg方法的权限;组-admin，单个权限-showMsg，标志-and校验开始>>>>>>>>>>
{"当前操作用户":"","日志记录时间":"2018-46-03 10:09:17","目标类":"com.aop.log4j.user.service.imp.UserServiceImp@3df496","目标方法":"showMsg","请求参数":[{"userId":0,"userName":"test","userPwd":"test123"},"SuperMan",{"earth":"earth","pluto":"pluto"},["123","wangsm"],[123,231,345,45]],"请求路径":"/authority/showMsg"}
{"当前操作用户":"","日志记录时间":"2018-47-03 10:09:58","目标类":"com.aop.log4j.controller.AuthorityController@18a75de","目标方法":"showMsg","请求参数":[{"map":{"earth":"earth","pluto":"pluto"},"user":{"userId":1,"userName":"test","userPwd":"test123"},"msg":"SuperMan","strings":["123","wangsm"],"ints":[123,231,345,45]}],"请求路径":"/authority/showMsg"}
>>>>>>>>>>>>>>>>>访问showMsg方法的权限;组-admin，单个权限-showMsg，标志-and校验开始>>>>>>>>>>
{"当前操作用户":"","日志记录时间":"2018-47-03 10:09:58","目标类":"com.aop.log4j.user.service.imp.UserServiceImp@3df496","目标方法":"showMsg","请求参数":[{"userId":0,"userName":"test","userPwd":"test123"},"SuperMan",{"earth":"earth","pluto":"pluto"},["123","wangsm"],[123,231,345,45]],"请求路径":"/authority/showMsg"}
{"当前操作用户":"","日志记录时间":"2018-51-03 10:09:59","目标类":"com.aop.log4j.controller.AuthorityController@13e774","目标方法":"showMsg","请求参数":[{"map":{"earth":"earth","pluto":"pluto"},"user":{"userId":1,"userName":"test","userPwd":"test123"},"msg":"SuperMan","strings":["123","wangsm"],"ints":[123,231,345,45]}],"请求路径":"/authority/showMsg"}
>>>>>>>>>>>>>>>>>访问showMsg方法的权限;组-admin，单个权限-showMsg，标志-and校验开始>>>>>>>>>>
{"当前操作用户":"","日志记录时间":"2018-51-03 10:09:59","目标类":"com.aop.log4j.user.service.imp.UserServiceImp@d9b878","目标方法":"showMsg","请求参数":[{"userId":0,"userName":"test","userPwd":"test123"},"SuperMan",{"earth":"earth","pluto":"pluto"},["123","wangsm"],[123,231,345,45]],"请求路径":"/authority/showMsg"}
{"当前操作用户":"","日志记录时间":"2018-53-03 10:09:34","目标类":"com.aop.log4j.controller.AuthorityController@12a3ed7","目标方法":"showMsg","请求参数":[{"map":{"earth":"earth","pluto":"pluto"},"user":{"userId":1,"userName":"test","userPwd":"test123"},"msg":"SuperMan","strings":["123","wangsm"],"ints":[123,231,345,45]}],"请求路径":"/authority/showMsg"}
>>>>>>>>>>>>>>>>>访问showMsg方法的权限;组-admin，单个权限-showMsg，标志-and校验开始>>>>>>>>>>
{"当前操作用户":"","日志记录时间":"2018-53-03 10:09:34","目标类":"com.aop.log4j.user.service.imp.UserServiceImp@17eb85a","目标方法":"showMsg","请求参数":[{"userId":0,"userName":"test","userPwd":"test123"},"SuperMan",{"earth":"earth","pluto":"pluto"},["123","wangsm"],[123,231,345,45]],"请求路径":"/authority/showMsg"}
{"当前操作用户":"","日志记录时间":"2018-55-03 10:09:40","目标类":"com.aop.log4j.controller.AuthorityController@12a3ed7","目标方法":"showMsg","请求参数":[{"map":{"earth":"earth","pluto":"pluto"},"user":{"userId":1,"userName":"test","userPwd":"test123"},"msg":"SuperMan","strings":["123","wangsm"],"ints":[123,231,345,45]}],"请求路径":"/authority/showMsg"}
>>>>>>>>>>>>>>>>>访问showMsg方法的权限;组-admin，单个权限-showMsg，标志-and校验开始>>>>>>>>>>
{"当前操作用户":"","日志记录时间":"2018-55-03 10:09:41","目标类":"com.aop.log4j.user.service.imp.UserServiceImp@17eb85a","目标方法":"showMsg","请求参数":[{"userId":0,"userName":"test","userPwd":"test123"},"SuperMan",{"earth":"earth","pluto":"pluto"},["123","wangsm"],[123,231,345,45]],"请求路径":"/authority/showMsg"}
